# JRE version: Java(TM) SE Runtime Environment (8.0_101-b13) (build 1.8.0_101-b13)
# Java VM: Java HotSpot(TM) 64-Bit Server VM (25.101-b13 mixed mode windows-amd64 compressed oops)
Heap:
 PSYoungGen      total 479232K, used 183952K [0x0000000755580000, 0x0000000781680000, 0x00000007c0000000)
  eden space 331264K, 40% used [0x0000000755580000,0x000000075d781db8,0x0000000769900000)
  from space 147968K, 34% used [0x0000000773c80000,0x0000000776e22590,0x000000077cd00000)
  to   space 167424K, 0% used [0x0000000769900000,0x0000000769900000,0x0000000773c80000)
 ParOldGen       total 359424K, used 65816K [0x0000000680000000, 0x0000000695f00000, 0x0000000755580000)
  object space 359424K, 18% used [0x0000000680000000,0x00000006840462b0,0x0000000695f00000)
 Metaspace       used 85868K, capacity 91405K, committed 91520K, reserved 1128448K
  class space    used 10711K, capacity 11611K, committed 11648K, reserved 1048576K
GC Heap History (10 events):
Event: 301.552 GC heap before
{Heap before GC invocations=32 (full 4):
 PSYoungGen      total 468992K, used 351314K [0x0000000755580000, 0x000000077dd80000, 0x00000007c0000000)
  eden space 285696K, 100% used [0x0000000755580000,0x0000000766c80000,0x0000000766c80000)
  from space 183296K, 35% used [0x0000000766c80000,0x000000076ac94890,0x0000000771f80000)
  to   space 172544K, 0% used [0x0000000773500000,0x0000000773500000,0x000000077dd80000)
 ParOldGen       total 359424K, used 65776K [0x0000000680000000, 0x0000000695f00000, 0x0000000755580000)
  object space 359424K, 18% used [0x0000000680000000,0x000000068403c2b0,0x0000000695f00000)
 Metaspace       used 82952K, capacity 88207K, committed 88320K, reserved 1126400K
  class space    used 10377K, capacity 11256K, committed 11264K, reserved 1048576K
Event: 301.593 GC heap after
Heap after GC invocations=32 (full 4):
 PSYoungGen      total 464384K, used 71423K [0x0000000755580000, 0x000000077c780000, 0x00000007c0000000)
  eden space 314368K, 0% used [0x0000000755580000,0x0000000755580000,0x0000000768880000)
  from space 150016K, 47% used [0x0000000773500000,0x0000000777abfd88,0x000000077c780000)
  to   space 163328K, 0% used [0x0000000768880000,0x0000000768880000,0x0000000772800000)
 ParOldGen       total 359424K, used 65784K [0x0000000680000000, 0x0000000695f00000, 0x0000000755580000)
  object space 359424K, 18% used [0x0000000680000000,0x000000068403e2b0,0x0000000695f00000)
 Metaspace       used 82952K, capacity 88207K, committed 88320K, reserved 1126400K
  class space    used 10377K, capacity 11256K, committed 11264K, reserved 1048576K
}
Event: 340.786 GC heap before
{Heap before GC invocations=33 (full 4):
 PSYoungGen      total 464384K, used 385791K [0x0000000755580000, 0x000000077c780000, 0x00000007c0000000)
  eden space 314368K, 100% used [0x0000000755580000,0x0000000768880000,0x0000000768880000)
  from space 150016K, 47% used [0x0000000773500000,0x0000000777abfd88,0x000000077c780000)
  to   space 163328K, 0% used [0x0000000768880000,0x0000000768880000,0x0000000772800000)
 ParOldGen       total 359424K, used 65784K [0x0000000680000000, 0x0000000695f00000, 0x0000000755580000)
  object space 359424K, 18% used [0x0000000680000000,0x000000068403e2b0,0x0000000695f00000)
 Metaspace       used 83423K, capacity 88759K, committed 88960K, reserved 1126400K
  class space    used 10388K, capacity 11266K, committed 11392K, reserved 1048576K
Event: 340.814 GC heap after
Heap after GC invocations=33 (full 4):
 PSYoungGen      total 477696K, used 41756K [0x0000000755580000, 0x000000077d700000, 0x00000007c0000000)
  eden space 314368K, 0% used [0x0000000755580000,0x0000000755580000,0x0000000768880000)
  from space 163328K, 25% used [0x0000000768880000,0x000000076b147348,0x0000000772800000)
  to   space 158208K, 0% used [0x0000000773c80000,0x0000000773c80000,0x000000077d700000)
 ParOldGen       total 359424K, used 65792K [0x0000000680000000, 0x0000000695f00000, 0x0000000755580000)
  object space 359424K, 18% used [0x0000000680000000,0x00000006840402b0,0x0000000695f00000)
 Metaspace       used 83423K, capacity 88759K, committed 88960K, reserved 1126400K
  class space    used 10388K, capacity 11266K, committed 11392K, reserved 1048576K
}
Event: 376.053 GC heap before
{Heap before GC invocations=34 (full 4):
 PSYoungGen      total 477696K, used 356124K [0x0000000755580000, 0x000000077d700000, 0x00000007c0000000)
  eden space 314368K, 100% used [0x0000000755580000,0x0000000768880000,0x0000000768880000)
  from space 163328K, 25% used [0x0000000768880000,0x000000076b147348,0x0000000772800000)
  to   space 158208K, 0% used [0x0000000773c80000,0x0000000773c80000,0x000000077d700000)
 ParOldGen       total 359424K, used 65792K [0x0000000680000000, 0x0000000695f00000, 0x0000000755580000)
  object space 359424K, 18% used [0x0000000680000000,0x00000006840402b0,0x0000000695f00000)
 Metaspace       used 84428K, capacity 89739K, committed 89856K, reserved 1128448K
  class space    used 10519K, capacity 11406K, committed 11520K, reserved 1048576K
Event: 376.095 GC heap after
Heap after GC invocations=34 (full 4):
 PSYoungGen      total 484352K, used 82709K [0x0000000755580000, 0x000000077cd00000, 0x00000007c0000000)
  eden space 336384K, 0% used [0x0000000755580000,0x0000000755580000,0x0000000769e00000)
  from space 147968K, 55% used [0x0000000773c80000,0x0000000778d455e8,0x000000077cd00000)
  to   space 155136K, 0% used [0x0000000769e00000,0x0000000769e00000,0x0000000773580000)
 ParOldGen       total 359424K, used 65800K [0x0000000680000000, 0x0000000695f00000, 0x0000000755580000)
  object space 359424K, 18% used [0x0000000680000000,0x00000006840422b0,0x0000000695f00000)
 Metaspace       used 84428K, capacity 89739K, committed 89856K, reserved 1128448K
  class space    used 10519K, capacity 11406K, committed 11520K, reserved 1048576K
}
Event: 376.989 GC heap before
{Heap before GC invocations=35 (full 4):
 PSYoungGen      total 484352K, used 419093K [0x0000000755580000, 0x000000077cd00000, 0x00000007c0000000)
  eden space 336384K, 100% used [0x0000000755580000,0x0000000769e00000,0x0000000769e00000)
  from space 147968K, 55% used [0x0000000773c80000,0x0000000778d455e8,0x000000077cd00000)
  to   space 155136K, 0% used [0x0000000769e00000,0x0000000769e00000,0x0000000773580000)
 ParOldGen       total 359424K, used 65800K [0x0000000680000000, 0x0000000695f00000, 0x0000000755580000)
  object space 359424K, 18% used [0x0000000680000000,0x00000006840422b0,0x0000000695f00000)
 Metaspace       used 84665K, capacity 90027K, committed 90112K, reserved 1128448K
  class space    used 10551K, capacity 11438K, committed 11520K, reserved 1048576K
Event: 377.074 GC heap after
Heap after GC invocations=35 (full 4):
 PSYoungGen      total 491520K, used 139899K [0x0000000755580000, 0x000000077cd00000, 0x00000007c0000000)
  eden space 336384K, 0% used [0x0000000755580000,0x0000000755580000,0x0000000769e00000)
  from space 155136K, 90% used [0x0000000769e00000,0x000000077269ef38,0x0000000773580000)
  to   space 147968K, 0% used [0x0000000773c80000,0x0000000773c80000,0x000000077cd00000)
 ParOldGen       total 359424K, used 65808K [0x0000000680000000, 0x0000000695f00000, 0x0000000755580000)
  object space 359424K, 18% used [0x0000000680000000,0x00000006840442b0,0x0000000695f00000)
 Metaspace       used 84665K, capacity 90027K, committed 90112K, reserved 1128448K
  class space    used 10551K, capacity 11438K, committed 11520K, reserved 1048576K
}
Event: 782.154 GC heap before
{Heap before GC invocations=36 (full 4):
 PSYoungGen      total 491520K, used 476283K [0x0000000755580000, 0x000000077cd00000, 0x00000007c0000000)
  eden space 336384K, 100% used [0x0000000755580000,0x0000000769e00000,0x0000000769e00000)
  from space 155136K, 90% used [0x0000000769e00000,0x000000077269ef38,0x0000000773580000)
  to   space 147968K, 0% used [0x0000000773c80000,0x0000000773c80000,0x000000077cd00000)
 ParOldGen       total 359424K, used 65808K [0x0000000680000000, 0x0000000695f00000, 0x0000000755580000)
  object space 359424K, 18% used [0x0000000680000000,0x00000006840442b0,0x0000000695f00000)
 Metaspace       used 85670K, capacity 91117K, committed 91264K, reserved 1128448K
  class space    used 10699K, capacity 11579K, committed 11648K, reserved 1048576K
Event: 782.181 GC heap after
Heap after GC invocations=36 (full 4):
 PSYoungGen      total 479232K, used 50825K [0x0000000755580000, 0x0000000781680000, 0x00000007c0000000)
  eden space 331264K, 0% used [0x0000000755580000,0x0000000755580000,0x0000000769900000)
  from space 147968K, 34% used [0x0000000773c80000,0x0000000776e22590,0x000000077cd00000)
  to   space 167424K, 0% used [0x0000000769900000,0x0000000769900000,0x0000000773c80000)
 ParOldGen       total 359424K, used 65816K [0x0000000680000000, 0x0000000695f00000, 0x0000000755580000)
  object space 359424K, 18% used [0x0000000680000000,0x00000006840462b0,0x0000000695f00000)
 Metaspace       used 85670K, capacity 91117K, committed 91264K, reserved 1128448K
  class space    used 10699K, capacity 11579K, committed 11648K, reserved 1048576K
}

