# JRE version: Java(TM) SE Runtime Environment (8.0_101-b13) (build 1.8.0_101-b13)
# Java VM: Java HotSpot(TM) 64-Bit Server VM (25.101-b13 mixed mode windows-amd64 compressed oops)
Heap:
 PSYoungGen      total 107520K, used 12425K [0x0000000755580000, 0x000000075f180000, 0x00000007c0000000)
  eden space 95232K, 13% used [0x0000000755580000,0x00000007561a27c8,0x000000075b280000)
  from space 12288K, 0% used [0x000000075bf80000,0x000000075bf80000,0x000000075cb80000)
  to   space 13312K, 0% used [0x000000075b280000,0x000000075b280000,0x000000075bf80000)
 ParOldGen       total 143360K, used 17239K [0x0000000680000000, 0x0000000688c00000, 0x0000000755580000)
  object space 143360K, 12% used [0x0000000680000000,0x00000006810d5c28,0x0000000688c00000)
 Metaspace       used 35068K, capacity 35748K, committed 36056K, reserved 1081344K
  class space    used 4813K, capacity 5019K, committed 5120K, reserved 1048576K
GC Heap History (10 events):
Event: 3.557 GC heap before
{Heap before GC invocations=4 (full 1):
 PSYoungGen      total 57344K, used 8179K [0x0000000755580000, 0x000000075c580000, 0x00000007c0000000)
  eden space 49152K, 0% used [0x0000000755580000,0x0000000755580000,0x0000000758580000)
  from space 8192K, 99% used [0x0000000758580000,0x0000000758d7cfe0,0x0000000758d80000)
  to   space 8192K, 0% used [0x000000075bd80000,0x000000075bd80000,0x000000075c580000)
 ParOldGen       total 131072K, used 2782K [0x0000000680000000, 0x0000000688000000, 0x0000000755580000)
  object space 131072K, 2% used [0x0000000680000000,0x00000006802b7af8,0x0000000688000000)
 Metaspace       used 20776K, capacity 21130K, committed 21248K, reserved 1067008K
  class space    used 2859K, capacity 2980K, committed 3072K, reserved 1048576K
Event: 3.627 GC heap after
Heap after GC invocations=4 (full 1):
 PSYoungGen      total 57344K, used 0K [0x0000000755580000, 0x000000075c580000, 0x00000007c0000000)
  eden space 49152K, 0% used [0x0000000755580000,0x0000000755580000,0x0000000758580000)
  from space 8192K, 0% used [0x0000000758580000,0x0000000758580000,0x0000000758d80000)
  to   space 8192K, 0% used [0x000000075bd80000,0x000000075bd80000,0x000000075c580000)
 ParOldGen       total 93184K, used 9900K [0x0000000680000000, 0x0000000685b00000, 0x0000000755580000)
  object space 93184K, 10% used [0x0000000680000000,0x00000006809ab358,0x0000000685b00000)
 Metaspace       used 20776K, capacity 21130K, committed 21248K, reserved 1067008K
  class space    used 2859K, capacity 2980K, committed 3072K, reserved 1048576K
}
Event: 5.036 GC heap before
{Heap before GC invocations=5 (full 1):
 PSYoungGen      total 57344K, used 49152K [0x0000000755580000, 0x000000075c580000, 0x00000007c0000000)
  eden space 49152K, 100% used [0x0000000755580000,0x0000000758580000,0x0000000758580000)
  from space 8192K, 0% used [0x0000000758580000,0x0000000758580000,0x0000000758d80000)
  to   space 8192K, 0% used [0x000000075bd80000,0x000000075bd80000,0x000000075c580000)
 ParOldGen       total 93184K, used 9900K [0x0000000680000000, 0x0000000685b00000, 0x0000000755580000)
  object space 93184K, 10% used [0x0000000680000000,0x00000006809ab358,0x0000000685b00000)
 Metaspace       used 24665K, capacity 25184K, committed 25344K, reserved 1071104K
  class space    used 3415K, capacity 3555K, committed 3584K, reserved 1048576K
Event: 5.065 GC heap after
Heap after GC invocations=5 (full 1):
 PSYoungGen      total 74752K, used 5556K [0x0000000755580000, 0x000000075c300000, 0x00000007c0000000)
  eden space 69120K, 0% used [0x0000000755580000,0x0000000755580000,0x0000000759900000)
  from space 5632K, 98% used [0x000000075bd80000,0x000000075c2ed3f0,0x000000075c300000)
  to   space 8192K, 0% used [0x000000075b300000,0x000000075b300000,0x000000075bb00000)
 ParOldGen       total 93184K, used 9908K [0x0000000680000000, 0x0000000685b00000, 0x0000000755580000)
  object space 93184K, 10% used [0x0000000680000000,0x00000006809ad358,0x0000000685b00000)
 Metaspace       used 24665K, capacity 25184K, committed 25344K, reserved 1071104K
  class space    used 3415K, capacity 3555K, committed 3584K, reserved 1048576K
}
Event: 7.161 GC heap before
{Heap before GC invocations=6 (full 1):
 PSYoungGen      total 74752K, used 74676K [0x0000000755580000, 0x000000075c300000, 0x00000007c0000000)
  eden space 69120K, 100% used [0x0000000755580000,0x0000000759900000,0x0000000759900000)
  from space 5632K, 98% used [0x000000075bd80000,0x000000075c2ed3f0,0x000000075c300000)
  to   space 8192K, 0% used [0x000000075b300000,0x000000075b300000,0x000000075bb00000)
 ParOldGen       total 93184K, used 9908K [0x0000000680000000, 0x0000000685b00000, 0x0000000755580000)
  object space 93184K, 10% used [0x0000000680000000,0x00000006809ad358,0x0000000685b00000)
 Metaspace       used 30099K, capacity 30720K, committed 30848K, reserved 1075200K
  class space    used 4200K, capacity 4386K, committed 4480K, reserved 1048576K
Event: 7.185 GC heap after
Heap after GC invocations=6 (full 1):
 PSYoungGen      total 103936K, used 8190K [0x0000000755580000, 0x000000075cb80000, 0x00000007c0000000)
  eden space 95744K, 0% used [0x0000000755580000,0x0000000755580000,0x000000075b300000)
  from space 8192K, 99% used [0x000000075b300000,0x000000075baffab0,0x000000075bb00000)
  to   space 12288K, 0% used [0x000000075bf80000,0x000000075bf80000,0x000000075cb80000)
 ParOldGen       total 93184K, used 11368K [0x0000000680000000, 0x0000000685b00000, 0x0000000755580000)
  object space 93184K, 12% used [0x0000000680000000,0x0000000680b1a240,0x0000000685b00000)
 Metaspace       used 30099K, capacity 30720K, committed 30848K, reserved 1075200K
  class space    used 4200K, capacity 4386K, committed 4480K, reserved 1048576K
}
Event: 15.379 GC heap before
{Heap before GC invocations=7 (full 1):
 PSYoungGen      total 103936K, used 61865K [0x0000000755580000, 0x000000075cb80000, 0x00000007c0000000)
  eden space 95744K, 56% used [0x0000000755580000,0x00000007589eab88,0x000000075b300000)
  from space 8192K, 99% used [0x000000075b300000,0x000000075baffab0,0x000000075bb00000)
  to   space 12288K, 0% used [0x000000075bf80000,0x000000075bf80000,0x000000075cb80000)
 ParOldGen       total 93184K, used 11368K [0x0000000680000000, 0x0000000685b00000, 0x0000000755580000)
  object space 93184K, 12% used [0x0000000680000000,0x0000000680b1a240,0x0000000685b00000)
 Metaspace       used 34674K, capacity 35390K, committed 35416K, reserved 1079296K
  class space    used 4771K, capacity 4986K, committed 4992K, reserved 1048576K
Event: 15.476 GC heap after
Heap after GC invocations=7 (full 1):
 PSYoungGen      total 107520K, used 10719K [0x0000000755580000, 0x000000075f180000, 0x00000007c0000000)
  eden space 95232K, 0% used [0x0000000755580000,0x0000000755580000,0x000000075b280000)
  from space 12288K, 87% used [0x000000075bf80000,0x000000075c9f7ce0,0x000000075cb80000)
  to   space 13312K, 0% used [0x000000075b280000,0x000000075b280000,0x000000075bf80000)
 ParOldGen       total 93184K, used 11448K [0x0000000680000000, 0x0000000685b00000, 0x0000000755580000)
  object space 93184K, 12% used [0x0000000680000000,0x0000000680b2e250,0x0000000685b00000)
 Metaspace       used 34674K, capacity 35390K, committed 35416K, reserved 1079296K
  class space    used 4771K, capacity 4986K, committed 4992K, reserved 1048576K
}
Event: 15.476 GC heap before
{Heap before GC invocations=8 (full 2):
 PSYoungGen      total 107520K, used 10719K [0x0000000755580000, 0x000000075f180000, 0x00000007c0000000)
  eden space 95232K, 0% used [0x0000000755580000,0x0000000755580000,0x000000075b280000)
  from space 12288K, 87% used [0x000000075bf80000,0x000000075c9f7ce0,0x000000075cb80000)
  to   space 13312K, 0% used [0x000000075b280000,0x000000075b280000,0x000000075bf80000)
 ParOldGen       total 93184K, used 11448K [0x0000000680000000, 0x0000000685b00000, 0x0000000755580000)
  object space 93184K, 12% used [0x0000000680000000,0x0000000680b2e250,0x0000000685b00000)
 Metaspace       used 34674K, capacity 35390K, committed 35416K, reserved 1079296K
  class space    used 4771K, capacity 4986K, committed 4992K, reserved 1048576K
Event: 15.560 GC heap after
Heap after GC invocations=8 (full 2):
 PSYoungGen      total 107520K, used 0K [0x0000000755580000, 0x000000075f180000, 0x00000007c0000000)
  eden space 95232K, 0% used [0x0000000755580000,0x0000000755580000,0x000000075b280000)
  from space 12288K, 0% used [0x000000075bf80000,0x000000075bf80000,0x000000075cb80000)
  to   space 13312K, 0% used [0x000000075b280000,0x000000075b280000,0x000000075bf80000)
 ParOldGen       total 143360K, used 17239K [0x0000000680000000, 0x0000000688c00000, 0x0000000755580000)
  object space 143360K, 12% used [0x0000000680000000,0x00000006810d5c28,0x0000000688c00000)
 Metaspace       used 34674K, capacity 35390K, committed 35416K, reserved 1079296K
  class space    used 4771K, capacity 4986K, committed 4992K, reserved 1048576K
}

